<?xml version="1.0" encoding="UTF-8"?>
<coverage generated="1652118725514" clover="3.2.0">
  <project timestamp="1652118725514" name="All files">
    <metrics statements="154" coveredstatements="150" conditionals="30" coveredconditionals="22" methods="47" coveredmethods="46" elements="231" coveredelements="218" complexity="0" loc="154" ncloc="154" packages="10" files="15" classes="15"/>
    <package name="src">
      <metrics statements="7" coveredstatements="7" conditionals="0" coveredconditionals="0" methods="0" coveredmethods="0"/>
      <file name="app.ts" path="/home/douglas/Documentos/BOOTCAMP - RA/Projetos-T4/Projeto_19_Sing-me-a-Song/Projeto_19_Sing-me-a-Song_Back/src/app.ts">
        <metrics statements="5" coveredstatements="5" conditionals="0" coveredconditionals="0" methods="0" coveredmethods="0"/>
        <line num="7" count="1" type="stmt"/>
        <line num="8" count="1" type="stmt"/>
        <line num="9" count="1" type="stmt"/>
        <line num="11" count="1" type="stmt"/>
        <line num="12" count="1" type="stmt"/>
      </file>
      <file name="database.ts" path="/home/douglas/Documentos/BOOTCAMP - RA/Projetos-T4/Projeto_19_Sing-me-a-Song/Projeto_19_Sing-me-a-Song_Back/src/database.ts">
        <metrics statements="2" coveredstatements="2" conditionals="0" coveredconditionals="0" methods="0" coveredmethods="0"/>
        <line num="3" count="2" type="stmt"/>
        <line num="4" count="2" type="stmt"/>
      </file>
    </package>
    <package name="src.controllers">
      <metrics statements="22" coveredstatements="22" conditionals="1" coveredconditionals="1" methods="7" coveredmethods="7"/>
      <file name="recommendationController.ts" path="/home/douglas/Documentos/BOOTCAMP - RA/Projetos-T4/Projeto_19_Sing-me-a-Song/Projeto_19_Sing-me-a-Song_Back/src/controllers/recommendationController.ts">
        <metrics statements="22" coveredstatements="22" conditionals="1" coveredconditionals="1" methods="7" coveredmethods="7"/>
        <line num="7" count="4" type="stmt"/>
        <line num="8" count="4" type="cond" truecount="1" falsecount="0"/>
        <line num="9" count="1" type="stmt"/>
        <line num="12" count="3" type="stmt"/>
        <line num="14" count="2" type="stmt"/>
        <line num="18" count="2" type="stmt"/>
        <line num="20" count="2" type="stmt"/>
        <line num="22" count="1" type="stmt"/>
        <line num="26" count="8" type="stmt"/>
        <line num="28" count="8" type="stmt"/>
        <line num="30" count="7" type="stmt"/>
        <line num="34" count="2" type="stmt"/>
        <line num="36" count="1" type="stmt"/>
        <line num="40" count="1" type="stmt"/>
        <line num="41" count="1" type="stmt"/>
        <line num="45" count="1" type="stmt"/>
        <line num="47" count="1" type="stmt"/>
        <line num="48" count="1" type="stmt"/>
        <line num="52" count="1" type="stmt"/>
        <line num="54" count="1" type="stmt"/>
        <line num="55" count="1" type="stmt"/>
        <line num="58" count="1" type="stmt"/>
      </file>
    </package>
    <package name="src.middlewares">
      <metrics statements="4" coveredstatements="3" conditionals="1" coveredconditionals="1" methods="1" coveredmethods="1"/>
      <file name="errorHandlerMiddleware.ts" path="/home/douglas/Documentos/BOOTCAMP - RA/Projetos-T4/Projeto_19_Sing-me-a-Song/Projeto_19_Sing-me-a-Song_Back/src/middlewares/errorHandlerMiddleware.ts">
        <metrics statements="4" coveredstatements="3" conditionals="1" coveredconditionals="1" methods="1" coveredmethods="1"/>
        <line num="14" count="5" type="stmt"/>
        <line num="16" count="5" type="cond" truecount="1" falsecount="0"/>
        <line num="17" count="5" type="stmt"/>
        <line num="20" count="0" type="stmt"/>
      </file>
    </package>
    <package name="src.repositories">
      <metrics statements="12" coveredstatements="12" conditionals="1" coveredconditionals="1" methods="8" coveredmethods="8"/>
      <file name="recommendationRepository.ts" path="/home/douglas/Documentos/BOOTCAMP - RA/Projetos-T4/Projeto_19_Sing-me-a-Song/Projeto_19_Sing-me-a-Song_Back/src/repositories/recommendationRepository.ts">
        <metrics statements="12" coveredstatements="12" conditionals="1" coveredconditionals="1" methods="8" coveredmethods="8"/>
        <line num="6" count="2" type="stmt"/>
        <line num="17" count="5" type="stmt"/>
        <line num="19" count="5" type="stmt"/>
        <line num="27" count="1" type="stmt"/>
        <line num="36" count="5" type="cond" truecount="1" falsecount="0"/>
        <line num="38" count="2" type="stmt"/>
        <line num="40" count="2" type="stmt"/>
        <line num="46" count="11" type="stmt"/>
        <line num="52" count="3" type="stmt"/>
        <line num="58" count="8" type="stmt"/>
        <line num="67" count="1" type="stmt"/>
        <line num="72" count="2" type="stmt"/>
      </file>
    </package>
    <package name="src.routers">
      <metrics statements="8" coveredstatements="8" conditionals="0" coveredconditionals="0" methods="0" coveredmethods="0"/>
      <file name="recommendationRouter.ts" path="/home/douglas/Documentos/BOOTCAMP - RA/Projetos-T4/Projeto_19_Sing-me-a-Song/Projeto_19_Sing-me-a-Song_Back/src/routers/recommendationRouter.ts">
        <metrics statements="8" coveredstatements="8" conditionals="0" coveredconditionals="0" methods="0" coveredmethods="0"/>
        <line num="4" count="1" type="stmt"/>
        <line num="6" count="1" type="stmt"/>
        <line num="7" count="1" type="stmt"/>
        <line num="8" count="1" type="stmt"/>
        <line num="9" count="1" type="stmt"/>
        <line num="10" count="1" type="stmt"/>
        <line num="11" count="1" type="stmt"/>
        <line num="12" count="1" type="stmt"/>
      </file>
    </package>
    <package name="src.schemas">
      <metrics statements="2" coveredstatements="2" conditionals="0" coveredconditionals="0" methods="0" coveredmethods="0"/>
      <file name="recommendationsSchemas.ts" path="/home/douglas/Documentos/BOOTCAMP - RA/Projetos-T4/Projeto_19_Sing-me-a-Song/Projeto_19_Sing-me-a-Song_Back/src/schemas/recommendationsSchemas.ts">
        <metrics statements="2" coveredstatements="2" conditionals="0" coveredconditionals="0" methods="0" coveredmethods="0"/>
        <line num="4" count="1" type="stmt"/>
        <line num="6" count="1" type="stmt"/>
      </file>
    </package>
    <package name="src.services">
      <metrics statements="30" coveredstatements="29" conditionals="6" coveredconditionals="5" methods="9" coveredmethods="9"/>
      <file name="recommendationsService.ts" path="/home/douglas/Documentos/BOOTCAMP - RA/Projetos-T4/Projeto_19_Sing-me-a-Song/Projeto_19_Sing-me-a-Song_Back/src/services/recommendationsService.ts">
        <metrics statements="30" coveredstatements="29" conditionals="6" coveredconditionals="5" methods="9" coveredmethods="9"/>
        <line num="8" count="4" type="stmt"/>
        <line num="11" count="4" type="cond" truecount="1" falsecount="0"/>
        <line num="12" count="2" type="stmt"/>
        <line num="14" count="2" type="stmt"/>
        <line num="18" count="3" type="stmt"/>
        <line num="20" count="1" type="stmt"/>
        <line num="24" count="10" type="stmt"/>
        <line num="26" count="8" type="stmt"/>
        <line num="31" count="8" type="cond" truecount="1" falsecount="0"/>
        <line num="32" count="2" type="stmt"/>
        <line num="37" count="14" type="stmt"/>
        <line num="38" count="14" type="cond" truecount="1" falsecount="0"/>
        <line num="40" count="10" type="stmt"/>
        <line num="44" count="1" type="stmt"/>
        <line num="48" count="1" type="stmt"/>
        <line num="52" count="3" type="stmt"/>
        <line num="53" count="3" type="stmt"/>
        <line num="55" count="3" type="stmt"/>
        <line num="56" count="3" type="cond" truecount="1" falsecount="0"/>
        <line num="57" count="2" type="stmt"/>
        <line num="60" count="1" type="stmt"/>
        <line num="61" count="1" type="stmt"/>
        <line num="65" count="3" type="stmt"/>
        <line num="70" count="3" type="cond" truecount="0" falsecount="1"/>
        <line num="71" count="0" type="stmt"/>
        <line num="74" count="3" type="stmt"/>
        <line num="78" count="3" type="cond" truecount="1" falsecount="0"/>
        <line num="79" count="1" type="stmt"/>
        <line num="82" count="2" type="stmt"/>
        <line num="85" count="2" type="stmt"/>
      </file>
    </package>
    <package name="src.utils">
      <metrics statements="10" coveredstatements="8" conditionals="20" coveredconditionals="13" methods="6" coveredmethods="5"/>
      <file name="errorUtils.ts" path="/home/douglas/Documentos/BOOTCAMP - RA/Projetos-T4/Projeto_19_Sing-me-a-Song/Projeto_19_Sing-me-a-Song_Back/src/utils/errorUtils.ts">
        <metrics statements="10" coveredstatements="8" conditionals="20" coveredconditionals="13" methods="6" coveredmethods="5"/>
        <line num="8" count="5" type="stmt"/>
        <line num="12" count="5" type="cond" truecount="1" falsecount="0"/>
        <line num="13" count="4" type="cond" truecount="1" falsecount="0"/>
        <line num="14" count="1" type="cond" truecount="0" falsecount="1"/>
        <line num="15" count="1" type="cond" truecount="1" falsecount="0"/>
        <line num="16" count="0" type="stmt"/>
        <line num="20" count="3" type="cond" truecount="4" falsecount="0"/>
        <line num="24" count="9" type="cond" truecount="3" falsecount="1"/>
        <line num="28" count="0" type="cond" truecount="0" falsecount="4"/>
        <line num="32" count="1" type="cond" truecount="3" falsecount="1"/>
      </file>
    </package>
    <package name="tests.factories">
      <metrics statements="3" coveredstatements="3" conditionals="1" coveredconditionals="1" methods="3" coveredmethods="3"/>
      <file name="mockFindByNameFactory.ts" path="/home/douglas/Documentos/BOOTCAMP - RA/Projetos-T4/Projeto_19_Sing-me-a-Song/Projeto_19_Sing-me-a-Song_Back/tests/factories/mockFindByNameFactory.ts">
        <metrics statements="1" coveredstatements="1" conditionals="0" coveredconditionals="0" methods="1" coveredmethods="1"/>
        <line num="5" count="4" type="stmt"/>
      </file>
      <file name="recommendationBodyFactory.ts" path="/home/douglas/Documentos/BOOTCAMP - RA/Projetos-T4/Projeto_19_Sing-me-a-Song/Projeto_19_Sing-me-a-Song_Back/tests/factories/recommendationBodyFactory.ts">
        <metrics statements="1" coveredstatements="1" conditionals="0" coveredconditionals="0" methods="1" coveredmethods="1"/>
        <line num="6" count="18" type="stmt"/>
      </file>
      <file name="recommendationFactory.ts" path="/home/douglas/Documentos/BOOTCAMP - RA/Projetos-T4/Projeto_19_Sing-me-a-Song/Projeto_19_Sing-me-a-Song_Back/tests/factories/recommendationFactory.ts">
        <metrics statements="1" coveredstatements="1" conditionals="1" coveredconditionals="1" methods="1" coveredmethods="1"/>
        <line num="8" count="16" type="stmt"/>
      </file>
    </package>
    <package name="tests.integration.itControllers">
      <metrics statements="56" coveredstatements="56" conditionals="0" coveredconditionals="0" methods="13" coveredmethods="13"/>
      <file name="getIt.ts" path="/home/douglas/Documentos/BOOTCAMP - RA/Projetos-T4/Projeto_19_Sing-me-a-Song/Projeto_19_Sing-me-a-Song_Back/tests/integration/itControllers/getIt.ts">
        <metrics statements="18" coveredstatements="18" conditionals="0" coveredconditionals="0" methods="5" coveredmethods="5"/>
        <line num="7" count="1" type="stmt"/>
        <line num="9" count="1" type="stmt"/>
        <line num="10" count="1" type="stmt"/>
        <line num="14" count="1" type="stmt"/>
        <line num="15" count="1" type="stmt"/>
        <line num="17" count="1" type="stmt"/>
        <line num="19" count="1" type="stmt"/>
        <line num="23" count="1" type="stmt"/>
        <line num="25" count="1" type="stmt"/>
        <line num="29" count="1" type="stmt"/>
        <line num="31" count="1" type="stmt"/>
        <line num="32" count="10" type="stmt"/>
        <line num="34" count="1" type="stmt"/>
        <line num="36" count="1" type="stmt"/>
        <line num="40" count="1" type="stmt"/>
        <line num="42" count="1" type="stmt"/>
        <line num="46" count="1" type="stmt"/>
        <line num="47" count="1" type="stmt"/>
      </file>
      <file name="insertIt.ts" path="/home/douglas/Documentos/BOOTCAMP - RA/Projetos-T4/Projeto_19_Sing-me-a-Song/Projeto_19_Sing-me-a-Song_Back/tests/integration/itControllers/insertIt.ts">
        <metrics statements="16" coveredstatements="16" conditionals="0" coveredconditionals="0" methods="3" coveredmethods="3"/>
        <line num="8" count="1" type="stmt"/>
        <line num="10" count="1" type="stmt"/>
        <line num="14" count="1" type="stmt"/>
        <line num="20" count="1" type="stmt"/>
        <line num="21" count="1" type="stmt"/>
        <line num="25" count="1" type="stmt"/>
        <line num="27" count="1" type="stmt"/>
        <line num="30" count="1" type="stmt"/>
        <line num="32" count="1" type="stmt"/>
        <line num="33" count="1" type="stmt"/>
        <line num="37" count="1" type="stmt"/>
        <line num="39" count="1" type="stmt"/>
        <line num="41" count="1" type="stmt"/>
        <line num="44" count="1" type="stmt"/>
        <line num="46" count="1" type="stmt"/>
        <line num="47" count="1" type="stmt"/>
      </file>
      <file name="voteIt.ts" path="/home/douglas/Documentos/BOOTCAMP - RA/Projetos-T4/Projeto_19_Sing-me-a-Song/Projeto_19_Sing-me-a-Song_Back/tests/integration/itControllers/voteIt.ts">
        <metrics statements="22" coveredstatements="22" conditionals="0" coveredconditionals="0" methods="5" coveredmethods="5"/>
        <line num="8" count="1" type="stmt"/>
        <line num="10" count="1" type="stmt"/>
        <line num="12" count="1" type="stmt"/>
        <line num="16" count="1" type="stmt"/>
        <line num="18" count="1" type="stmt"/>
        <line num="20" count="1" type="stmt"/>
        <line num="24" count="1" type="stmt"/>
        <line num="26" count="1" type="stmt"/>
        <line num="28" count="1" type="stmt"/>
        <line num="32" count="1" type="stmt"/>
        <line num="34" count="1" type="stmt"/>
        <line num="36" count="1" type="stmt"/>
        <line num="40" count="1" type="stmt"/>
        <line num="42" count="1" type="stmt"/>
        <line num="43" count="1" type="stmt"/>
        <line num="44" count="1" type="stmt"/>
        <line num="45" count="1" type="stmt"/>
        <line num="46" count="1" type="stmt"/>
        <line num="48" count="1" type="stmt"/>
        <line num="49" count="1" type="stmt"/>
        <line num="51" count="1" type="stmt"/>
        <line num="52" count="1" type="stmt"/>
      </file>
    </package>
  </project>
</coverage>
