TN:
SF:src/app.ts
FNF:0
FNH:0
DA:7,1
DA:8,1
DA:9,1
DA:11,1
DA:12,1
LF:5
LH:5
BRF:0
BRH:0
end_of_record
TN:
SF:src/database.ts
FNF:0
FNH:0
DA:3,2
DA:4,2
LF:2
LH:2
BRF:0
BRH:0
end_of_record
TN:
SF:src/controllers/recommendationController.ts
FN:6,insert
FN:17,upvote
FN:25,downvote
FN:33,random
FN:39,get
FN:44,getTop
FN:51,getById
FNF:7
FNH:7
FNDA:4,insert
FNDA:2,upvote
FNDA:8,downvote
FNDA:2,random
FNDA:1,get
FNDA:1,getTop
FNDA:1,getById
DA:7,4
DA:8,4
DA:9,1
DA:12,3
DA:14,2
DA:18,2
DA:20,2
DA:22,1
DA:26,8
DA:28,8
DA:30,7
DA:34,2
DA:36,1
DA:40,1
DA:41,1
DA:45,1
DA:47,1
DA:48,1
DA:52,1
DA:54,1
DA:55,1
DA:58,1
LF:22
LH:22
BRDA:8,0,0,1
BRF:1
BRH:1
end_of_record
TN:
SF:src/middlewares/errorHandlerMiddleware.ts
FN:8,errorHandlerMiddleware
FNF:1
FNH:1
FNDA:5,errorHandlerMiddleware
DA:14,5
DA:16,5
DA:17,5
DA:20,0
LF:4
LH:3
BRDA:16,0,0,5
BRF:1
BRH:1
end_of_record
TN:
SF:src/repositories/recommendationRepository.ts
FN:5,create
FN:16,findAll
FN:26,getAmountByScore
FN:33,getFindAllFilter
FN:45,find
FN:51,findByName
FN:57,updateScore
FN:66,remove
FNF:8
FNH:8
FNDA:2,create
FNDA:5,findAll
FNDA:1,getAmountByScore
FNDA:5,getFindAllFilter
FNDA:11,find
FNDA:3,findByName
FNDA:8,updateScore
FNDA:1,remove
DA:6,2
DA:17,5
DA:19,5
DA:27,1
DA:36,5
DA:38,2
DA:40,2
DA:46,11
DA:52,3
DA:58,8
DA:67,1
DA:72,2
LF:12
LH:12
BRDA:36,0,0,3
BRF:1
BRH:1
end_of_record
TN:
SF:src/routers/recommendationRouter.ts
FNF:0
FNH:0
DA:4,1
DA:6,1
DA:7,1
DA:8,1
DA:9,1
DA:10,1
DA:11,1
DA:12,1
LF:8
LH:8
BRF:0
BRH:0
end_of_record
TN:
SF:src/schemas/recommendationsSchemas.ts
FNF:0
FNH:0
DA:4,1
DA:6,1
LF:2
LH:2
BRF:0
BRH:0
end_of_record
TN:
SF:src/services/recommendationsService.ts
FN:7,insert
FN:17,upvote
FN:23,downvote
FN:36,getByIdOrFail
FN:43,get
FN:47,getTop
FN:51,getRandom
FN:64,getByScore
FN:77,getScoreFilter
FNF:9
FNH:9
FNDA:4,insert
FNDA:3,upvote
FNDA:10,downvote
FNDA:14,getByIdOrFail
FNDA:1,get
FNDA:1,getTop
FNDA:3,getRandom
FNDA:3,getByScore
FNDA:3,getScoreFilter
DA:8,4
DA:11,4
DA:12,2
DA:14,2
DA:18,3
DA:20,1
DA:24,10
DA:26,8
DA:31,8
DA:32,2
DA:37,14
DA:38,14
DA:40,10
DA:44,1
DA:48,1
DA:52,3
DA:53,3
DA:55,3
DA:56,3
DA:57,2
DA:60,1
DA:61,1
DA:65,3
DA:70,3
DA:71,0
DA:74,3
DA:78,3
DA:79,3
DA:82,0
DA:85,2
LF:30
LH:28
BRDA:11,0,0,2
BRDA:31,1,0,2
BRDA:38,2,0,4
BRDA:56,3,0,2
BRDA:70,4,0,0
BRDA:78,5,0,3
BRF:6
BRH:5
end_of_record
TN:
SF:src/utils/errorUtils.ts
FN:7,isAppError
FN:11,errorTypeToStatusCode
FN:19,conflictError
FN:23,notFoundError
FN:27,unauthorizedError
FN:31,wrongSchemaError
FNF:6
FNH:5
FNDA:5,isAppError
FNDA:5,errorTypeToStatusCode
FNDA:3,conflictError
FNDA:9,notFoundError
FNDA:0,unauthorizedError
FNDA:1,wrongSchemaError
DA:8,5
DA:12,5
DA:13,4
DA:14,1
DA:15,1
DA:16,0
DA:20,3
DA:24,9
DA:28,0
DA:32,1
LF:10
LH:8
BRDA:12,0,0,1
BRDA:13,1,0,3
BRDA:14,2,0,0
BRDA:15,3,0,1
BRDA:20,4,0,2
BRDA:20,4,1,1
BRDA:20,5,0,3
BRDA:20,5,1,3
BRDA:24,6,0,0
BRDA:24,6,1,9
BRDA:24,7,0,9
BRDA:24,7,1,9
BRDA:28,8,0,0
BRDA:28,8,1,0
BRDA:28,9,0,0
BRDA:28,9,1,0
BRDA:32,10,0,0
BRDA:32,10,1,1
BRDA:32,11,0,1
BRDA:32,11,1,1
BRF:20
BRH:13
end_of_record
TN:
SF:tests/factories/mockFindByNameFactory.ts
FN:3,mockRecommendation
FNF:1
FNH:1
FNDA:4,mockRecommendation
DA:4,4
LF:1
LH:1
BRF:0
BRH:0
end_of_record
TN:
SF:tests/factories/recommendationBodyFactory.ts
FN:4,recommendationBody
FNF:1
FNH:1
FNDA:18,recommendationBody
DA:5,18
LF:1
LH:1
BRF:0
BRH:0
end_of_record
TN:
SF:tests/factories/recommendationFactory.ts
FN:4,createRecommendation
FNF:1
FNH:1
FNDA:16,createRecommendation
DA:7,16
LF:1
LH:1
BRDA:5,0,0,16
BRF:1
BRH:1
end_of_record
TN:
SF:tests/integration/itControllers/getIt.ts
FN:5,getAll
FN:12,getRandom
FN:21,getRandomNoRecommendations
FN:27,getTop
FN:38,getById
FNF:5
FNH:5
FNDA:1,getAll
FNDA:1,getRandom
FNDA:1,getRandomNoRecommendations
FNDA:1,getTop
FNDA:1,getById
DA:6,1
DA:8,1
DA:9,1
DA:13,1
DA:14,1
DA:16,1
DA:18,1
DA:22,1
DA:24,1
DA:28,1
DA:30,1
DA:31,10
DA:33,1
DA:35,1
DA:39,1
DA:41,1
DA:45,1
DA:46,1
LF:18
LH:18
BRF:0
BRH:0
end_of_record
TN:
SF:tests/integration/itControllers/insertIt.ts
FN:6,insertAndPersist
FN:23,insertInvalidBody
FN:35,insertDuplicateBody
FNF:3
FNH:3
FNDA:1,insertAndPersist
FNDA:1,insertInvalidBody
FNDA:1,insertDuplicateBody
DA:7,1
DA:9,1
DA:13,1
DA:19,1
DA:20,1
DA:24,1
DA:26,1
DA:29,1
DA:31,1
DA:32,1
DA:36,1
DA:38,1
DA:40,1
DA:43,1
DA:45,1
DA:46,1
LF:16
LH:16
BRF:0
BRH:0
end_of_record
TN:
SF:tests/integration/itControllers/voteIt.ts
FN:6,upvoteInvalidId
FN:14,downvoteInvalidId
FN:22,upvote
FN:30,downvote
FN:38,downvoteRemoveRecommendation
FNF:5
FNH:5
FNDA:1,upvoteInvalidId
FNDA:1,downvoteInvalidId
FNDA:1,upvote
FNDA:1,downvote
FNDA:1,downvoteRemoveRecommendation
DA:7,1
DA:9,1
DA:11,1
DA:15,1
DA:17,1
DA:19,1
DA:23,1
DA:25,1
DA:27,1
DA:31,1
DA:33,1
DA:35,1
DA:39,1
DA:41,1
DA:42,1
DA:43,1
DA:44,1
DA:45,1
DA:47,1
DA:48,1
DA:50,1
DA:51,1
LF:22
LH:22
BRF:0
BRH:0
end_of_record
